{
  "RSpec": {
    "coverage": {
      "/Users/nikkijohnson/Desktop/dpl_coursework/week5/day3/controller_testing/config/environment.rb": [
        null,
        1,
        null,
        null,
        1
      ],
      "/Users/nikkijohnson/Desktop/dpl_coursework/week5/day3/controller_testing/config/application.rb": [
        1,
        null,
        1,
        null,
        1,
        1,
        1,
        1,
        1,
        1,
        1,
        1,
        1,
        null,
        null,
        null,
        null,
        1,
        null,
        1,
        1,
        null,
        1,
        null,
        null,
        null,
        null,
        null,
        null,
        null,
        1,
        null,
        null
      ],
      "/Users/nikkijohnson/Desktop/dpl_coursework/week5/day3/controller_testing/config/boot.rb": [
        1,
        null,
        1,
        1
      ],
      "/Users/nikkijohnson/Desktop/dpl_coursework/week5/day3/controller_testing/config/environments/test.rb": [
        1,
        null,
        null,
        null,
        null,
        null,
        null,
        1,
        null,
        null,
        null,
        null,
        1,
        null,
        null,
        1,
        1,
        null,
        null,
        null,
        null,
        1,
        1,
        null,
        null,
        1,
        null,
        null,
        1,
        null,
        null,
        1,
        null,
        1,
        null,
        null,
        null,
        null,
        1,
        null,
        null,
        1,
        null,
        null,
        null,
        null
      ],
      "/Users/nikkijohnson/Desktop/dpl_coursework/week5/day3/controller_testing/config/initializers/application_controller_renderer.rb": [
        null,
        null,
        null,
        null,
        null,
        null,
        null,
        null
      ],
      "/Users/nikkijohnson/Desktop/dpl_coursework/week5/day3/controller_testing/config/initializers/assets.rb": [
        null,
        null,
        null,
        1,
        null,
        null,
        null,
        null,
        1,
        null,
        null,
        null,
        null,
        null
      ],
      "/Users/nikkijohnson/Desktop/dpl_coursework/week5/day3/controller_testing/config/initializers/backtrace_silencers.rb": [
        null,
        null,
        null,
        null,
        null,
        null,
        null
      ],
      "/Users/nikkijohnson/Desktop/dpl_coursework/week5/day3/controller_testing/config/initializers/content_security_policy.rb": [
        null,
        null,
        null,
        null,
        null,
        null,
        null,
        null,
        null,
        null,
        null,
        null,
        null,
        null,
        null,
        null,
        null,
        null,
        null,
        null,
        null,
        null,
        null,
        null,
        null
      ],
      "/Users/nikkijohnson/Desktop/dpl_coursework/week5/day3/controller_testing/config/initializers/cookies_serializer.rb": [
        null,
        null,
        null,
        null,
        1
      ],
      "/Users/nikkijohnson/Desktop/dpl_coursework/week5/day3/controller_testing/config/initializers/devise.rb": [
        null,
        null,
        null,
        null,
        1,
        null,
        null,
        null,
        null,
        null,
        null,
        null,
        null,
        null,
        null,
        null,
        null,
        null,
        null,
        null,
        1,
        null,
        null,
        null,
        null,
        null,
        null,
        null,
        null,
        null,
        null,
        null,
        1,
        null,
        null,
        null,
        null,
        null,
        null,
        null,
        null,
        null,
        null,
        null,
        null,
        null,
        null,
        null,
        null,
        null,
        null,
        null,
        null,
        null,
        1,
        null,
        null,
        null,
        null,
        1,
        null,
        null,
        null,
        null,
        null,
        null,
        null,
        null,
        null,
        null,
        null,
        null,
        null,
        null,
        null,
        null,
        null,
        null,
        null,
        null,
        null,
        null,
        null,
        null,
        null,
        null,
        null,
        null,
        null,
        null,
        1,
        null,
        null,
        null,
        null,
        null,
        null,
        null,
        null,
        null,
        null,
        null,
        null,
        null,
        null,
        null,
        null,
        null,
        null,
        null,
        null,
        null,
        null,
        1,
        null,
        null,
        null,
        null,
        null,
        null,
        null,
        null,
        null,
        null,
        null,
        null,
        null,
        null,
        null,
        null,
        null,
        null,
        null,
        null,
        null,
        null,
        null,
        null,
        null,
        null,
        null,
        null,
        null,
        null,
        1,
        null,
        null,
        null,
        null,
        null,
        null,
        null,
        null,
        null,
        1,
        null,
        null,
        null,
        null,
        null,
        null,
        null,
        null,
        null,
        null,
        1,
        null,
        null,
        null,
        null,
        1,
        null,
        null,
        null,
        null,
        null,
        null,
        null,
        null,
        null,
        null,
        null,
        null,
        null,
        null,
        null,
        null,
        null,
        null,
        null,
        null,
        null,
        null,
        null,
        null,
        null,
        null,
        null,
        null,
        null,
        null,
        null,
        null,
        null,
        null,
        null,
        null,
        null,
        null,
        null,
        null,
        1,
        null,
        null,
        null,
        null,
        null,
        null,
        null,
        null,
        null,
        null,
        null,
        null,
        null,
        null,
        null,
        null,
        null,
        null,
        null,
        null,
        null,
        null,
        null,
        null,
        null,
        null,
        null,
        null,
        null,
        null,
        null,
        null,
        null,
        null,
        null,
        null,
        null,
        null,
        null,
        null,
        null,
        1,
        null,
        null,
        null,
        null,
        null,
        null,
        null,
        null,
        null,
        null,
        null,
        null,
        null,
        null,
        null,
        null,
        null,
        null,
        null,
        null,
        null,
        null,
        null,
        null,
        null,
        null,
        null,
        null,
        null,
        null,
        null,
        null,
        null,
        null,
        null,
        null
      ],
      "/Users/nikkijohnson/Desktop/dpl_coursework/week5/day3/controller_testing/config/initializers/filter_parameter_logging.rb": [
        null,
        null,
        null,
        1
      ],
      "/Users/nikkijohnson/Desktop/dpl_coursework/week5/day3/controller_testing/config/initializers/inflections.rb": [
        null,
        null,
        null,
        null,
        null,
        null,
        null,
        null,
        null,
        null,
        null,
        null,
        null,
        null,
        null,
        null
      ],
      "/Users/nikkijohnson/Desktop/dpl_coursework/week5/day3/controller_testing/config/initializers/mime_types.rb": [
        null,
        null,
        null,
        null
      ],
      "/Users/nikkijohnson/Desktop/dpl_coursework/week5/day3/controller_testing/config/initializers/wrap_parameters.rb": [
        null,
        null,
        null,
        null,
        null,
        null,
        1,
        2,
        null,
        null,
        null,
        null,
        null,
        null
      ],
      "/Users/nikkijohnson/Desktop/dpl_coursework/week5/day3/controller_testing/config/routes.rb": [
        1,
        1,
        null,
        1,
        1,
        null
      ],
      "/Users/nikkijohnson/Desktop/dpl_coursework/week5/day3/controller_testing/app/models/user.rb": [
        1,
        null,
        null,
        1,
        null,
        1,
        1,
        1,
        null
      ],
      "/Users/nikkijohnson/Desktop/dpl_coursework/week5/day3/controller_testing/app/models/application_record.rb": [
        1,
        1,
        null
      ],
      "/Users/nikkijohnson/Desktop/dpl_coursework/week5/day3/controller_testing/app/helpers/application_helper.rb": [
        1,
        null
      ],
      "/Users/nikkijohnson/Desktop/dpl_coursework/week5/day3/controller_testing/spec/support/controller_macros.rb": [
        1,
        1,
        1,
        14,
        14,
        14,
        null,
        null,
        null
      ],
      "/Users/nikkijohnson/Desktop/dpl_coursework/week5/day3/controller_testing/app/controllers/bank_accounts_controller.rb": [
        1,
        1,
        null,
        1,
        1,
        null,
        null,
        1,
        null,
        null,
        1,
        1,
        null,
        null,
        1,
        4,
        4,
        2,
        null,
        2,
        null,
        null,
        null,
        1,
        null,
        null,
        1,
        4,
        2,
        null,
        2,
        null,
        null,
        null,
        1,
        2,
        2,
        null,
        null,
        1,
        1,
        8,
        null,
        null,
        1,
        8,
        null,
        null,
        null
      ],
      "/Users/nikkijohnson/Desktop/dpl_coursework/week5/day3/controller_testing/app/controllers/application_controller.rb": [
        1,
        1,
        1,
        null
      ],
      "/Users/nikkijohnson/Desktop/dpl_coursework/week5/day3/controller_testing/app/models/bank_account.rb": [
        1,
        1,
        1,
        1,
        1,
        1,
        null,
        1,
        1,
        10,
        null,
        null,
        1,
        2,
        null,
        null
      ]
    },
    "timestamp": 1544068238
  }
}
